Perf Counters Report
Git commit: 72539a8285d0e2a5b63393515f0b158ced596724

Statistics:
cycle and instruction counts:
  total cycle count: 1428272
  total instruction count: 14781
  IPC: 0.0103
  CPI: 96.6289
handshake counts:
+-----------------+-----------------+------------+
|   Description   | Handshake Count |  Frequency |
+-----------------+-----------------+------------+
|  IFU fetch inst |           14781 |  0.0103489 |
|   EXU load data |            3270 | 0.00228948 |
|        EXU calc |           14780 |  0.0103482 |
| IDU decode inst |           14780 |  0.0103482 |
+-----------------+-----------------+------------+
instruction type counts:
By type:
+------------+------------+----------+-------------+-----------+---------+
|  Category  | Inst Count |  Inst %  | Cycle Count |  Cycle %  | Avg CPI |
+------------+------------+----------+-------------+-----------+---------+
|     branch |       3320 |  22.4628 |        9960 |   0.79658 |       3 |
| arithmetic |       5635 |  38.1258 |       16905 |   1.35203 |       3 |
|       load |       3270 |  22.1245 |     1176717 |   94.1114 | 359.852 |
|      store |       2208 |  14.9391 |       45722 |   3.65675 | 20.7074 |
|       jalr |        112 | 0.757781 |         336 | 0.0268726 |       3 |
|        jal |        107 | 0.723951 |         321 | 0.0256729 |       3 |
|        lui |         83 |  0.56157 |         249 | 0.0199145 |       3 |
|      auipc |         45 | 0.304465 |         135 |  0.010797 |       3 |
|     system |          0 |        0 |           0 |         0 |     nan |
+------------+------------+----------+-------------+-----------+---------+
By format:
+----------+------------+----------+-------------+-----------+---------+
| Category | Inst Count |  Inst %  | Cycle Count |  Cycle %  | Avg CPI |
+----------+------------+----------+-------------+-----------+---------+
|   I_TYPE |       8854 |  59.9053 |     1193469 |   95.4512 | 134.794 |
|   R_TYPE |        163 |  1.10284 |         489 | 0.0391092 |       3 |
|   S_TYPE |       2208 |  14.9391 |       45722 |   3.65675 | 20.7074 |
|   U_TYPE |        128 | 0.866035 |         384 | 0.0307115 |       3 |
|   J_TYPE |        107 | 0.723951 |         321 | 0.0256729 |       3 |
|   B_TYPE |       3320 |  22.4628 |        9960 |   0.79658 |       3 |
+----------+------------+----------+-------------+-----------+---------+
AXI4 Performance Counters Statistics:
+---------------+--------------+---------+---------+---------+------------+
|      Name     | Transactions |  Total  |   Avg   |   Max   |  Max Start |
|               |              |  Cycles | Latency | Latency | (sim time) |
+---------------+--------------+---------+---------+---------+------------+
|  exu_mem_read |         3270 | 1170177 | 357.852 |     610 |      49736 |
|  ifu_mem_read |        14781 |   89213 | 6.03565 |    2454 |         62 |
| exu_mem_write |         2208 |   41306 | 18.7074 |      72 |     832500 |
+---------------+--------------+---------+---------+---------+------------+
IFU State Counter Statistics:
total instruction fetch count: 14781
state statistics:
+------------+---------+---------+---------------+---------------+
|    State   |  Count  | Percent |     Count     |    Percent    |
|            |         |         | [exclu fetch] | [exclu fetch] |
+------------+---------+---------+---------------+---------------+
|       IDLE |   14790 | 1.03552 |         14790 |       1.03552 |
|  WAIT_INST |  118765 | 8.31529 |        103984 |       7.28041 |
| WAIT_LATER | 1294687 | 90.6471 |       1294687 |       90.6471 |
+------------+---------+---------+---------------+---------------+
Cache Performance Counter Statistics:
hit rate: 14542 / 14781 = 98.3831 %
average hit access cycles: 1
average miss access cycles: 83.0586
AMAT : 2.34301
